#
# A fatal error has been detected by the Java Runtime Environment:
#
#  EXCEPTION_ACCESS_VIOLATION (0xc0000005) at pc=0x6d809214, pid=2164, tid=3464
#
# JRE version: 6.0_14-b08
# Java VM: Java HotSpot(TM) Client VM (14.0-b16 mixed mode, sharing windows-x86 )
# Problematic frame:
# V  [jvm.dll+0x9214]
#
# If you would like to submit a bug report, please visit:
#   http://java.sun.com/webapps/bugreport/crash.jsp
#

---------------  T H R E A D  ---------------

Current thread (0x02a5b000):  VMThread [stack: 0x02b40000,0x02b90000] [id=3464]

siginfo: ExceptionCode=0xc0000005, writing address 0x2a99c8c0

Registers:
EAX=0x00000003, EBX=0x2b1a22e0, ECX=0x2b78f430, EDX=0x00000001
ESP=0x02b8f930, EBP=0x02b8f938, ESI=0x2a99c8c0, EDI=0x0000b72a
EIP=0x6d809214, EFLAGS=0x00010297

Top of Stack: (sp=0x02b8f930)
0x02b8f930:   2b1a21e0 2a99c8c0 02b8f950 6d95da1f
0x02b8f940:   00000003 2b1a21e0 2b1a22e0 2b1a21e4
0x02b8f950:   02b8f968 6d96b0ce 2b1a22e0 02aa4fa8
0x02b8f960:   2b1a2038 00000015 02b8f97c 6d95909a
0x02b8f970:   00000003 6d959382 02aa4ffc 02b8f998
0x02b8f980:   6d9100b6 02aa4ffc 6da45894 6da45894
0x02b8f990:   003a9c60 02a50860 02b8f9a8 6d91021f
0x02b8f9a0:   6da45894 003a9c60 02b8f9c0 6d995ceb 

Instructions: (pc=0x6d809214)
0x6d809204:   8b 75 08 57 8b 3e c7 45 08 03 00 00 00 8b 45 08
0x6d809214:   89 06 a0 9d 19 a4 6d 84 c0 8b cf 75 10 80 e1 07 


Stack: [0x02b40000,0x02b90000],  sp=0x02b8f930,  free space=318k
Native frames: (J=compiled Java code, j=interpreted, Vv=VM code, C=native code)
V  [jvm.dll+0x9214]
V  [jvm.dll+0x15da1f]
V  [jvm.dll+0x16b0ce]
V  [jvm.dll+0x15909a]
V  [jvm.dll+0x1100b6]
V  [jvm.dll+0x11021f]
V  [jvm.dll+0x195ceb]
V  [jvm.dll+0xc63bf]
V  [jvm.dll+0xc800c]
V  [jvm.dll+0xc8360]
V  [jvm.dll+0xcc36a]
V  [jvm.dll+0x1caa42]
V  [jvm.dll+0xc739c]
V  [jvm.dll+0x7d4fb]
V  [jvm.dll+0x1e643b]
V  [jvm.dll+0x1e8c03]
V  [jvm.dll+0x1e7e9e]
V  [jvm.dll+0x1e81ec]
V  [jvm.dll+0x1e8612]
V  [jvm.dll+0x1739dc]
C  [msvcr71.dll+0x9565]
C  [kernel32.dll+0xb713]

VM_Operation (0x031ce6cc): GenCollectForAllocation, mode: safepoint, requested by thread 0x02e0b000


---------------  P R O C E S S  ---------------

Java Threads: ( => current thread )
  0x02f3c000 JavaThread "J3D-Renderer-1" [_thread_blocked, id=744, stack(0x03910000,0x03960000)]
  0x02f3a400 JavaThread "J3D-MasterControl-1" [_thread_blocked, id=3868, stack(0x038c0000,0x03910000)]
  0x02f37800 JavaThread "J3D-NotificationThread" [_thread_blocked, id=1744, stack(0x03870000,0x038c0000)]
  0x02f36400 JavaThread "J3D-TimerThread" [_thread_blocked, id=1436, stack(0x03820000,0x03870000)]
  0x02f39000 JavaThread "J3D-RenderingAttributesStructureUpdateThread" [_thread_blocked, id=2568, stack(0x037d0000,0x03820000)]
  0x02e42800 JavaThread "Image Fetcher 2" daemon [_thread_blocked, id=2748, stack(0x03780000,0x037d0000)]
  0x02e2b400 JavaThread "Image Fetcher 1" daemon [_thread_blocked, id=2780, stack(0x03730000,0x03780000)]
  0x02e29400 JavaThread "Image Fetcher 0" daemon [_thread_blocked, id=3380, stack(0x036e0000,0x03730000)]
  0x003a6800 JavaThread "DestroyJavaVM" [_thread_blocked, id=3200, stack(0x008c0000,0x00910000)]
  0x02e0b000 JavaThread "AWT-EventQueue-0" [_thread_blocked, id=164, stack(0x03180000,0x031d0000)]
  0x02e09800 JavaThread "AWT-Windows" daemon [_thread_in_native, id=2824, stack(0x030f0000,0x03140000)]
  0x02e16000 JavaThread "AWT-Shutdown" [_thread_blocked, id=2264, stack(0x030a0000,0x030f0000)]
  0x02e08400 JavaThread "Java2D Disposer" daemon [_thread_blocked, id=936, stack(0x03050000,0x030a0000)]
  0x02aa9000 JavaThread "Low Memory Detector" daemon [_thread_blocked, id=3584, stack(0x02d20000,0x02d70000)]
  0x02aa2800 JavaThread "CompilerThread0" daemon [_thread_blocked, id=2700, stack(0x02cd0000,0x02d20000)]
  0x02aa1400 JavaThread "Attach Listener" daemon [_thread_blocked, id=3192, stack(0x02c80000,0x02cd0000)]
  0x02aa0000 JavaThread "Signal Dispatcher" daemon [_thread_blocked, id=3508, stack(0x02c30000,0x02c80000)]
  0x02a61400 JavaThread "Finalizer" daemon [_thread_blocked, id=732, stack(0x02be0000,0x02c30000)]
  0x02a5c800 JavaThread "Reference Handler" daemon [_thread_blocked, id=3488, stack(0x02b90000,0x02be0000)]

Other Threads:
=>0x02a5b000 VMThread [stack: 0x02b40000,0x02b90000] [id=3464]
  0x02aaa800 WatcherThread [stack: 0x02d70000,0x02dc0000] [id=3496]

VM state:at safepoint (normal execution)

VM Mutex/Monitor currently owned by a thread:  ([mutex/lock_event])
[0x003a57a0] Threads_lock - owner thread: 0x02a5b000
[0x003a5bb0] Heap_lock - owner thread: 0x02e0b000

Heap
 def new generation   total 960K, used 53K [0x22990000, 0x22a90000, 0x22e70000)
  eden space 896K,   0% used [0x22990000, 0x22990000, 0x22a70000)
  from space 64K,  83% used [0x22a80000, 0x22a8d660, 0x22a90000)
  to   space 64K,   0% used [0x22a70000, 0x22a70000, 0x22a80000)
 tenured generation   total 9652K, used 9600K [0x22e70000, 0x237dd000, 0x26990000)
   the space 9652K,  99% used [0x22e70000, 0x237d0100, 0x237d0200, 0x237dd000)
 compacting perm gen  total 12288K, used 4131K [0x26990000, 0x27590000, 0x2a990000)
   the space 12288K,  33% used [0x26990000, 0x26d98f58, 0x26d99000, 0x27590000)
    ro space 8192K,  63% used [0x2a990000, 0x2aea96b0, 0x2aea9800, 0x2b190000)
    rw space 12288K,  53% used [0x2b190000, 0x2b804b80, 0x2b804c00, 0x2bd90000)

Dynamic libraries:
0x00400000 - 0x00424000 	C:\Program Files\Java\jre6\bin\javaw.exe
0x7c900000 - 0x7c9af000 	C:\WINDOWS\system32\ntdll.dll
0x7c800000 - 0x7c8f6000 	C:\WINDOWS\system32\kernel32.dll
0x77dd0000 - 0x77e6b000 	C:\WINDOWS\system32\ADVAPI32.dll
0x77e70000 - 0x77f02000 	C:\WINDOWS\system32\RPCRT4.dll
0x77fe0000 - 0x77ff1000 	C:\WINDOWS\system32\Secur32.dll
0x7e410000 - 0x7e4a1000 	C:\WINDOWS\system32\USER32.dll
0x77f10000 - 0x77f59000 	C:\WINDOWS\system32\GDI32.dll
0x7c340000 - 0x7c396000 	C:\Program Files\Java\jre6\bin\msvcr71.dll
0x6d800000 - 0x6da8b000 	C:\Program Files\Java\jre6\bin\client\jvm.dll
0x76b40000 - 0x76b6d000 	C:\WINDOWS\system32\WINMM.dll
0x6d7b0000 - 0x6d7bc000 	C:\Program Files\Java\jre6\bin\verify.dll
0x6d330000 - 0x6d34f000 	C:\Program Files\Java\jre6\bin\java.dll
0x6d290000 - 0x6d298000 	C:\Program Files\Java\jre6\bin\hpi.dll
0x76bf0000 - 0x76bfb000 	C:\WINDOWS\system32\PSAPI.DLL
0x6d7f0000 - 0x6d7ff000 	C:\Program Files\Java\jre6\bin\zip.dll
0x6d000000 - 0x6d14a000 	C:\Program Files\Java\jre6\bin\awt.dll
0x73000000 - 0x73026000 	C:\WINDOWS\system32\WINSPOOL.DRV
0x77c10000 - 0x77c68000 	C:\WINDOWS\system32\msvcrt.dll
0x76390000 - 0x763ad000 	C:\WINDOWS\system32\IMM32.dll
0x774e0000 - 0x7761d000 	C:\WINDOWS\system32\ole32.dll
0x773d0000 - 0x774d3000 	C:\WINDOWS\WinSxS\x86_Microsoft.Windows.Common-Controls_6595b64144ccf1df_6.0.2600.5512_x-ww_35d4ce83\comctl32.dll
0x77f60000 - 0x77fd6000 	C:\WINDOWS\system32\SHLWAPI.dll
0x5ad70000 - 0x5ada8000 	C:\WINDOWS\system32\uxtheme.dll
0x74720000 - 0x7476c000 	C:\WINDOWS\system32\MSCTF.dll
0x6d230000 - 0x6d284000 	C:\Program Files\Java\jre6\bin\fontmanager.dll
0x7c9c0000 - 0x7d1d7000 	C:\WINDOWS\system32\shell32.dll
0x10000000 - 0x1000e000 	C:\Program Files\Java\jre6\bin\j3dcore-ogl-chk.dll
0x5ed00000 - 0x5edcc000 	C:\WINDOWS\system32\OPENGL32.dll
0x68b20000 - 0x68b40000 	C:\WINDOWS\system32\GLU32.dll
0x73760000 - 0x737ab000 	C:\WINDOWS\system32\DDRAW.dll
0x73bc0000 - 0x73bc6000 	C:\WINDOWS\system32\DCIMAN32.dll
0x031f0000 - 0x03423000 	C:\WINDOWS\system32\ialmgicd.dll
0x034d0000 - 0x0354b000 	C:\WINDOWS\system32\ialmgdev.dll
0x6d360000 - 0x6d366000 	C:\Program Files\Java\jre6\bin\jawt.dll
0x036a0000 - 0x036c9000 	C:\Program Files\Java\jre6\bin\j3dcore-ogl.dll
0x6d610000 - 0x6d623000 	C:\Program Files\Java\jre6\bin\net.dll
0x71ab0000 - 0x71ac7000 	C:\WINDOWS\system32\WS2_32.dll
0x71aa0000 - 0x71aa8000 	C:\WINDOWS\system32\WS2HELP.dll
0x6d630000 - 0x6d639000 	C:\Program Files\Java\jre6\bin\nio.dll
0x68000000 - 0x68036000 	C:\WINDOWS\system32\rsaenh.dll
0x769c0000 - 0x76a74000 	C:\WINDOWS\system32\USERENV.dll
0x5b860000 - 0x5b8b5000 	C:\WINDOWS\system32\netapi32.dll
0x71a50000 - 0x71a8f000 	C:\WINDOWS\System32\mswsock.dll
0x76f20000 - 0x76f47000 	C:\WINDOWS\system32\DNSAPI.dll
0x76fb0000 - 0x76fb8000 	C:\WINDOWS\System32\winrnr.dll
0x76f60000 - 0x76f8c000 	C:\WINDOWS\system32\WLDAP32.dll
0x76fc0000 - 0x76fc6000 	C:\WINDOWS\system32\rasadhlp.dll
0x6d450000 - 0x6d474000 	C:\Program Files\Java\jre6\bin\jpeg.dll

VM Arguments:
java_command: com.vlab.geo.SieveAnalysis
Launcher Type: SUN_STANDARD

Environment Variables:
JAVA_HOME=C:\Program Files\Java\jdk1.6.0_14;
CLASSPATH=C:\Program Files\Apache Software Foundation\Tomcat 6.0\lib;C:\mysql-connector-java-5.1.12;C:\Program Files\Sun\JavaDB\lib;C:\Program Files\MySQL\Connector ODBC 5.1;C:\Jars\javax.servlet.jar;C:\oraclexe\ojdbc6.jar;
PATH=C:\oraclexe\app\oracle\product\10.2.0\server\bin;C:\Program Files\Java\jdk1.6.0_14;\BIN;C:\Ruby186\bin;C:\Program Files\PHP\;C:\WINDOWS\system32;C:\WINDOWS;C:\WINDOWS\System32\Wbem;C:\Program Files\Intel\DMIX;C:\Program Files\Java\jdk1.6.0_14\bin;c:\PHP;C:\Program Files\TortoiseSVN\bin
USERNAME=Administrator
OS=Windows_NT
PROCESSOR_IDENTIFIER=x86 Family 15 Model 2 Stepping 9, GenuineIntel



---------------  S Y S T E M  ---------------

OS: Windows XP Build 2600 Service Pack 3

CPU:total 1 (1 cores per cpu, 1 threads per core) family 15 model 2 stepping 9, cmov, cx8, fxsr, mmx, sse, sse2

Memory: 4k page, physical 1039856k(230664k free), swap 2504852k(1004876k free)

vm_info: Java HotSpot(TM) Client VM (14.0-b16) for windows-x86 JRE (1.6.0_14-b08), built on May 21 2009 08:03:56 by "java_re" with MS VC++ 7.1

time: Wed Oct 06 12:52:26 2010
elapsed time: 6 seconds

