#
# A fatal error has been detected by the Java Runtime Environment:
#
#  EXCEPTION_ACCESS_VIOLATION (0xc0000005) at pc=0x691a1e22, pid=1416, tid=3092
#
# JRE version: 7.0-b147
# Java VM: Java HotSpot(TM) Client VM (21.0-b17 mixed mode, sharing windows-x86 )
# Problematic frame:
# C  [atioglxx.dll+0x1a1e22]
#
# Failed to write core dump. Minidumps are not enabled by default on client versions of Windows
#
# If you would like to submit a bug report, please visit:
#   http://bugreport.sun.com/bugreport/crash.jsp
# The crash happened outside the Java Virtual Machine in native code.
# See problematic frame for where to report the bug.
#

---------------  T H R E A D  ---------------

Current thread (0x032bb000):  JavaThread "J3D-Renderer-1" [_thread_in_native, id=3092, stack(0x0a9a0000,0x0a9f0000)]

siginfo: ExceptionCode=0xc0000005, writing address 0x00000000

Registers:
EAX=0x00000000, EBX=0x0a9ed6d0, ECX=0x00000012, EDX=0x00000000
ESP=0x0a9ed0c8, EBP=0x0a9ed5a8, ESI=0x00008000, EDI=0x00000000
EIP=0x691a1e22, EFLAGS=0x00010246

Top of Stack: (sp=0x0a9ed0c8)
0x0a9ed0c8:   00000000 0a408008 03dfd040 0a408000
0x0a9ed0d8:   00000000 00000000 00000000 00000000
0x0a9ed0e8:   00000000 00000000 00000000 09ff42d8
0x0a9ed0f8:   00000000 00000000 00000000 ffffffff
0x0a9ed108:   ffffffff 00000001 00000000 ffffffff
0x0a9ed118:   ffffffff ffffffff ffffffff ffffffff
0x0a9ed128:   039b0000 ffffffff ffffffff ffffffff
0x0a9ed138:   00000000 00000000 0101ffff 000001a6 

Instructions: (pc=0x691a1e22)
0x691a1e02:   88 95 1d 01 00 00 89 44 24 1c e8 d2 ad 2c 00 8b
0x691a1e12:   d0 89 55 0c 83 c4 04 33 c0 8b fa b9 12 00 00 00
0x691a1e22:   f3 ab 33 c9 51 51 51 89 0a 89 4a 08 88 4a 0c 88
0x691a1e32:   4a 0d 66 89 4a 14 66 89 4a 22 8d 42 48 8d 4c 24 


Register to memory mapping:

EAX=0x00000000 is an unknown value
EBX=0x0a9ed6d0 is pointing into the stack for thread: 0x032bb000
ECX=0x00000012 is an unknown value
EDX=0x00000000 is an unknown value
ESP=0x0a9ed0c8 is pointing into the stack for thread: 0x032bb000
EBP=0x0a9ed5a8 is pointing into the stack for thread: 0x032bb000
ESI=0x00008000 is an unknown value
EDI=0x00000000 is an unknown value


Stack: [0x0a9a0000,0x0a9f0000],  sp=0x0a9ed0c8,  free space=308k
Native frames: (J=compiled Java code, j=interpreted, Vv=VM code, C=native code)

[error occurred during error reporting (printing native stack), id 0xc0000005]

Java frames: (J=compiled Java code, j=interpreted, Vv=VM code)
j  javax.media.j3d.NativePipeline.callDisplayList(JIZ)V+0
j  javax.media.j3d.NativePipeline.callDisplayList(Ljavax/media/j3d/Context;IZ)V+8
j  javax.media.j3d.Canvas3D.callDisplayList(Ljavax/media/j3d/Context;IZ)V+6
j  javax.media.j3d.DisplayListRenderMethod.renderSeparateDlists(Ljavax/media/j3d/RenderMolecule;Ljavax/media/j3d/Canvas3D;Ljavax/media/j3d/RenderAtomListInfo;I)Z+155
j  javax.media.j3d.RenderMolecule.render(Ljavax/media/j3d/Canvas3D;II)Z+326
j  javax.media.j3d.TextureBin.renderList(Ljavax/media/j3d/Canvas3D;ILjavax/media/j3d/RenderMolecule;)V+63
j  javax.media.j3d.TextureBin.renderList(Ljavax/media/j3d/Canvas3D;ILjava/lang/Object;)V+32
j  javax.media.j3d.TextureBin.render(Ljavax/media/j3d/Canvas3D;Ljava/lang/Object;)V+92
j  javax.media.j3d.TextureBin.render(Ljavax/media/j3d/Canvas3D;)V+6
j  javax.media.j3d.ShaderBin.render(Ljavax/media/j3d/Canvas3D;)V+18
j  javax.media.j3d.AttributeBin.render(Ljavax/media/j3d/Canvas3D;)V+82
j  javax.media.j3d.EnvironmentSet.render(Ljavax/media/j3d/Canvas3D;)V+17
j  javax.media.j3d.LightBin.render(Ljavax/media/j3d/Canvas3D;)V+17
j  javax.media.j3d.RenderBin.renderOpaque(Ljavax/media/j3d/Canvas3D;)V+11
j  javax.media.j3d.Renderer.doWork(J)V+5843
j  javax.media.j3d.J3dThread.run()V+19
v  ~StubRoutines::call_stub

---------------  P R O C E S S  ---------------

Java Threads: ( => current thread )
  0x02bcf800 JavaThread "J3D-InputDeviceScheduler-1" [_thread_blocked, id=3988, stack(0x0af70000,0x0afc0000)]
  0x02bce000 JavaThread "J3D-SoundSchedulerUpdateThread-1" [_thread_blocked, id=280, stack(0x0af20000,0x0af70000)]
  0x02ecfc00 JavaThread "J3D-RenderStructureUpdateThread-1" [_thread_blocked, id=3624, stack(0x0aed0000,0x0af20000)]
  0x02ed0800 JavaThread "J3D-BehaviorScheduler-1" [_thread_blocked, id=1636, stack(0x0ae80000,0x0aed0000)]
  0x0337c400 JavaThread "J3D-TransformStructureUpdateThread-1" [_thread_blocked, id=3960, stack(0x0ae30000,0x0ae80000)]
  0x0337ac00 JavaThread "J3D-RenderingEnvironmentStructureUpdateThread-1" [_thread_blocked, id=3420, stack(0x0ade0000,0x0ae30000)]
  0x02fe1000 JavaThread "J3D-SoundStructureUpdateThread-1" [_thread_blocked, id=4012, stack(0x0ad90000,0x0ade0000)]
  0x02fe0800 JavaThread "J3D-GeometryStructureUpdateThread-1" [_thread_blocked, id=2524, stack(0x0ad40000,0x0ad90000)]
  0x02fe0400 JavaThread "J3D-BehaviorStructureUpdateThread-1" [_thread_blocked, id=1480, stack(0x0a810000,0x0a860000)]
  0x0339bc00 JavaThread "D3D Screen Updater" daemon [_thread_blocked, id=3744, stack(0x03a20000,0x03a70000)]
=>0x032bb000 JavaThread "J3D-Renderer-1" [_thread_in_native, id=3092, stack(0x0a9a0000,0x0a9f0000)]
  0x032bc400 JavaThread "J3D-MasterControl-1" [_thread_blocked, id=3880, stack(0x0a950000,0x0a9a0000)]
  0x032bec00 JavaThread "J3D-NotificationThread" [_thread_blocked, id=4020, stack(0x0a900000,0x0a950000)]
  0x032bdc00 JavaThread "J3D-TimerThread" [_thread_blocked, id=3948, stack(0x0a8b0000,0x0a900000)]
  0x032b6c00 JavaThread "J3D-RenderingAttributesStructureUpdateThread" [_thread_blocked, id=2916, stack(0x0a860000,0x0a8b0000)]
  0x003c6c00 JavaThread "DestroyJavaVM" [_thread_blocked, id=2268, stack(0x008c0000,0x00910000)]
  0x02f4bc00 JavaThread "AWT-EventQueue-0" [_thread_blocked, id=2620, stack(0x03220000,0x03270000)]
  0x02f49c00 JavaThread "AWT-Windows" daemon [_thread_in_native, id=3020, stack(0x03130000,0x03180000)]
  0x02f48400 JavaThread "AWT-Shutdown" [_thread_blocked, id=2680, stack(0x030e0000,0x03130000)]
  0x02f47400 JavaThread "Java2D Disposer" daemon [_thread_blocked, id=4056, stack(0x03090000,0x030e0000)]
  0x02bbec00 JavaThread "Service Thread" daemon [_thread_blocked, id=276, stack(0x02df0000,0x02e40000)]
  0x02bb0c00 JavaThread "C1 CompilerThread0" daemon [_thread_blocked, id=2640, stack(0x02da0000,0x02df0000)]
  0x02baf000 JavaThread "Attach Listener" daemon [_thread_blocked, id=988, stack(0x02d50000,0x02da0000)]
  0x02badc00 JavaThread "Signal Dispatcher" daemon [_thread_blocked, id=3872, stack(0x02d00000,0x02d50000)]
  0x02ba7c00 JavaThread "Finalizer" daemon [_thread_blocked, id=1872, stack(0x02cb0000,0x02d00000)]
  0x02ba3000 JavaThread "Reference Handler" daemon [_thread_blocked, id=2764, stack(0x02c60000,0x02cb0000)]

Other Threads:
  0x02ba1400 VMThread [stack: 0x02c10000,0x02c60000] [id=3244]
  0x02bd2800 WatcherThread [stack: 0x02e40000,0x02e90000] [id=3916]

VM state:not at safepoint (normal execution)

VM Mutex/Monitor currently owned by a thread: None

Heap
 def new generation   total 73728K, used 43016K [0x229b0000, 0x279b0000, 0x279b0000)
  eden space 65536K,  65% used [0x229b0000, 0x253b2128, 0x269b0000)
  from space 8192K,   0% used [0x269b0000, 0x269b0000, 0x271b0000)
  to   space 8192K,   0% used [0x271b0000, 0x271b0000, 0x279b0000)
 tenured generation   total 163840K, used 114505K [0x279b0000, 0x319b0000, 0x319b0000)
   the space 163840K,  69% used [0x279b0000, 0x2e982750, 0x2e982800, 0x319b0000)
 compacting perm gen  total 12288K, used 4347K [0x319b0000, 0x325b0000, 0x359b0000)
   the space 12288K,  35% used [0x319b0000, 0x31deeeb8, 0x31def000, 0x325b0000)
    ro space 10240K,  42% used [0x359b0000, 0x35dec660, 0x35dec800, 0x363b0000)
    rw space 12288K,  53% used [0x363b0000, 0x36a28180, 0x36a28200, 0x36fb0000)

Code Cache  [0x00930000, 0x00a60000, 0x02930000)
 total_blobs=725 nmethods=380 adapters=278 free_code_cache=31566Kb largest_free_block=32323776

Dynamic libraries:
0x00400000 - 0x0042f000 	C:\Program Files\Java\jre7\bin\javaw.exe
0x7c900000 - 0x7c9af000 	C:\WINDOWS\system32\ntdll.dll
0x7c800000 - 0x7c8f6000 	C:\WINDOWS\system32\kernel32.dll
0x77dd0000 - 0x77e6b000 	C:\WINDOWS\system32\ADVAPI32.dll
0x77e70000 - 0x77f02000 	C:\WINDOWS\system32\RPCRT4.dll
0x77fe0000 - 0x77ff1000 	C:\WINDOWS\system32\Secur32.dll
0x7e410000 - 0x7e4a1000 	C:\WINDOWS\system32\USER32.dll
0x77f10000 - 0x77f59000 	C:\WINDOWS\system32\GDI32.dll
0x773d0000 - 0x774d3000 	C:\WINDOWS\WinSxS\x86_Microsoft.Windows.Common-Controls_6595b64144ccf1df_6.0.2600.5512_x-ww_35d4ce83\COMCTL32.dll
0x77c10000 - 0x77c68000 	C:\WINDOWS\system32\msvcrt.dll
0x77f60000 - 0x77fd6000 	C:\WINDOWS\system32\SHLWAPI.dll
0x78aa0000 - 0x78b5e000 	C:\Program Files\Java\jre7\bin\msvcr100.dll
0x6d940000 - 0x6dc61000 	C:\Program Files\Java\jre7\bin\client\jvm.dll
0x71ad0000 - 0x71ad9000 	C:\WINDOWS\system32\WSOCK32.dll
0x71ab0000 - 0x71ac7000 	C:\WINDOWS\system32\WS2_32.dll
0x71aa0000 - 0x71aa8000 	C:\WINDOWS\system32\WS2HELP.dll
0x76b40000 - 0x76b6d000 	C:\WINDOWS\system32\WINMM.dll
0x76bf0000 - 0x76bfb000 	C:\WINDOWS\system32\PSAPI.DLL
0x6d8d0000 - 0x6d8dc000 	C:\Program Files\Java\jre7\bin\verify.dll
0x6d370000 - 0x6d390000 	C:\Program Files\Java\jre7\bin\java.dll
0x6d920000 - 0x6d933000 	C:\Program Files\Java\jre7\bin\zip.dll
0x6d000000 - 0x6d142000 	C:\Program Files\Java\jre7\bin\awt.dll
0x77120000 - 0x771ab000 	C:\WINDOWS\system32\OLEAUT32.dll
0x774e0000 - 0x7761d000 	C:\WINDOWS\system32\ole32.dll
0x5ad70000 - 0x5ada8000 	C:\WINDOWS\system32\uxtheme.dll
0x74720000 - 0x7476c000 	C:\WINDOWS\system32\MSCTF.dll
0x4fdd0000 - 0x4ff76000 	C:\WINDOWS\system32\d3d9.dll
0x03270000 - 0x03276000 	C:\WINDOWS\system32\d3d8thk.dll
0x77c00000 - 0x77c08000 	C:\WINDOWS\system32\VERSION.dll
0x7c9c0000 - 0x7d1d7000 	C:\WINDOWS\system32\SHELL32.dll
0x10000000 - 0x1000e000 	C:\Program Files\Java\jre7\bin\j3dcore-ogl-chk.dll
0x5ed00000 - 0x5edcc000 	C:\WINDOWS\system32\OPENGL32.dll
0x68b20000 - 0x68b40000 	C:\WINDOWS\system32\GLU32.dll
0x73760000 - 0x737ab000 	C:\WINDOWS\system32\DDRAW.dll
0x73bc0000 - 0x73bc6000 	C:\WINDOWS\system32\DCIMAN32.dll
0x69000000 - 0x6951d000 	C:\WINDOWS\system32\atioglxx.dll
0x6d3a0000 - 0x6d3a6000 	C:\Program Files\Java\jre7\bin\jawt.dll
0x039e0000 - 0x03a09000 	C:\Program Files\Java\jre7\bin\j3dcore-ogl.dll
0x6d660000 - 0x6d674000 	C:\Program Files\Java\jre7\bin\net.dll
0x6d680000 - 0x6d68f000 	C:\Program Files\Java\jre7\bin\nio.dll
0x6d2c0000 - 0x6d2ea000 	C:\Program Files\Java\jre7\bin\fontmanager.dll
0x6d870000 - 0x6d8a1000 	C:\Program Files\Java\jre7\bin\t2k.dll
0x68000000 - 0x68036000 	C:\WINDOWS\system32\rsaenh.dll
0x769c0000 - 0x76a74000 	C:\WINDOWS\system32\USERENV.dll
0x5b860000 - 0x5b8b5000 	C:\WINDOWS\system32\netapi32.dll
0x71a50000 - 0x71a8f000 	C:\WINDOWS\System32\mswsock.dll
0x76f20000 - 0x76f47000 	C:\WINDOWS\system32\DNSAPI.dll
0x76fb0000 - 0x76fb8000 	C:\WINDOWS\System32\winrnr.dll
0x76f60000 - 0x76f8c000 	C:\WINDOWS\system32\WLDAP32.dll
0x76fc0000 - 0x76fc6000 	C:\WINDOWS\system32\rasadhlp.dll
0x6d470000 - 0x6d495000 	C:\Program Files\Java\jre7\bin\jpeg.dll
0x76390000 - 0x763ad000 	C:\WINDOWS\system32\IMM32.dll

VM Arguments:
jvm_args: -Dfile.encoding=Cp1252 
java_command: com.vlab.geo.DirectShear
Launcher Type: SUN_STANDARD

Environment Variables:
PATH=C:/Program Files/Java/jre7/bin/client;C:/Program Files/Java/jre7/bin;C:\WINDOWS\system32;C:\WINDOWS;C:\WINDOWS\System32\Wbem;C:\Program Files\ATI Technologies\ATI.ACE\
USERNAME=Administrator
OS=Windows_NT
PROCESSOR_IDENTIFIER=x86 Family 15 Model 95 Stepping 2, AuthenticAMD



---------------  S Y S T E M  ---------------

OS: Windows XP Build 2600 Service Pack 3

CPU:total 1 (1 cores per cpu, 1 threads per core) family 15 model 95 stepping 2, cmov, cx8, fxsr, mmx, sse, sse2, sse3, mmxext, 3dnowpref

Memory: 4k page, physical 981424k(6436k free), swap 2270968k(5828k free)

vm_info: Java HotSpot(TM) Client VM (21.0-b17) for windows-x86 JRE (1.7.0-b147), built on Jun 27 2011 02:25:52 by "java_re" with unknown MS VC++:1600

time: Tue Aug 21 15:08:25 2012
elapsed time: 311 seconds

